
*** Running vivado
    with args -log design_1_DMA_READ_CTRL_0_0.vds -m64 -product Vivado -mode batch -messageDb vivado.pb -notrace -source design_1_DMA_READ_CTRL_0_0.tcl



****** Vivado v2020.2 (64-bit)
  **** SW Build 3064766 on Wed Nov 18 09:12:45 MST 2020
  **** IP Build 3064653 on Wed Nov 18 14:17:31 MST 2020
    ** Copyright 1986-2020 Xilinx, Inc. All Rights Reserved.

source design_1_DMA_READ_CTRL_0_0.tcl -notrace
create_project: Time (s): cpu = 00:00:05 ; elapsed = 00:00:06 . Memory (MB): peak = 1156.305 ; gain = 11.766
Command: synth_design -top design_1_DMA_READ_CTRL_0_0 -part xc7k325tffg900-1 -mode out_of_context
Starting synth_design
WARNING: [IP_Flow 19-3571] IP 'design_1_DMA_READ_CTRL_0_0' is restricted:
* Module reference is stale and needs refreshing.
Attempting to get a license for feature 'Synthesis' and/or device 'xc7k325t'
INFO: [Common 17-349] Got license for feature 'Synthesis' and/or device 'xc7k325t'
INFO: [Synth 8-7079] Multithreading enabled for synth_design using a maximum of 2 processes.
INFO: [Synth 8-7078] Launching helper process for spawning children vivado processes
INFO: [Synth 8-7075] Helper process launched with PID 3816
---------------------------------------------------------------------------------
Starting Synthesize : Time (s): cpu = 00:00:07 ; elapsed = 00:00:11 . Memory (MB): peak = 1156.305 ; gain = 0.000
---------------------------------------------------------------------------------
INFO: [Synth 8-6157] synthesizing module 'design_1_DMA_READ_CTRL_0_0' [d:/FPGA_DMA_CONTROLLER/proj/DMA_CTRL.gen/sources_1/bd/design_1/ip/design_1_DMA_READ_CTRL_0_0/synth/design_1_DMA_READ_CTRL_0_0.v:58]
INFO: [Synth 8-6157] synthesizing module 'DMA_READ_CTRL' [D:/FPGA_DMA_CONTROLLER/proj/DMA_CTRL.srcs/sources_1/imports/source_code/READ_CTRL/DMA_READ_CTRL.v:23]
INFO: [Synth 8-6157] synthesizing module 'MM2S_CTRL' [D:/FPGA_DMA_CONTROLLER/proj/DMA_CTRL.srcs/sources_1/imports/source_code/READ_CTRL/MM2S_CTRL.v:23]
	Parameter DMACR bound to: 8'b00000000 
	Parameter DMASR bound to: 8'b00000100 
	Parameter SA bound to: 8'b00011000 
	Parameter MSB bound to: 8'b00011100 
	Parameter LENGTH bound to: 8'b00101000 
	Parameter DMACR_DATA bound to: 16846853 - type: integer 
	Parameter DMASR_DATE bound to: 16846848 - type: integer 
	Parameter IDLE bound to: 6'b000001 
	Parameter WRITE_DMACR bound to: 6'b000010 
	Parameter WRITE_SA bound to: 6'b000100 
	Parameter WRITE_MSB bound to: 6'b001000 
	Parameter WRITE_LENGTH bound to: 6'b010000 
	Parameter WRITE_DMASR bound to: 6'b100000 
INFO: [Synth 8-6155] done synthesizing module 'MM2S_CTRL' (1#1) [D:/FPGA_DMA_CONTROLLER/proj/DMA_CTRL.srcs/sources_1/imports/source_code/READ_CTRL/MM2S_CTRL.v:23]
INFO: [Synth 8-6157] synthesizing module 'LITE_CTRL' [D:/FPGA_DMA_CONTROLLER/proj/DMA_CTRL.srcs/sources_1/imports/source_code/WRITE_CTRL/LITE_CTRL.v:2]
	Parameter IDLE bound to: 7'b0000001 
	Parameter WRITE_ADDR bound to: 7'b0000010 
	Parameter CLEAR_ADDR bound to: 7'b0000100 
	Parameter WRITE_DATA bound to: 7'b0001000 
	Parameter CLEAR_DATA bound to: 7'b0010000 
	Parameter WAIT_RESP bound to: 7'b0100000 
	Parameter CLEAR_RESP bound to: 7'b1000000 
INFO: [Synth 8-6155] done synthesizing module 'LITE_CTRL' (2#1) [D:/FPGA_DMA_CONTROLLER/proj/DMA_CTRL.srcs/sources_1/imports/source_code/WRITE_CTRL/LITE_CTRL.v:2]
INFO: [Synth 8-6155] done synthesizing module 'DMA_READ_CTRL' (3#1) [D:/FPGA_DMA_CONTROLLER/proj/DMA_CTRL.srcs/sources_1/imports/source_code/READ_CTRL/DMA_READ_CTRL.v:23]
INFO: [Synth 8-6155] done synthesizing module 'design_1_DMA_READ_CTRL_0_0' (4#1) [d:/FPGA_DMA_CONTROLLER/proj/DMA_CTRL.gen/sources_1/bd/design_1/ip/design_1_DMA_READ_CTRL_0_0/synth/design_1_DMA_READ_CTRL_0_0.v:58]
---------------------------------------------------------------------------------
Finished Synthesize : Time (s): cpu = 00:00:10 ; elapsed = 00:00:14 . Memory (MB): peak = 1156.305 ; gain = 0.000
---------------------------------------------------------------------------------
---------------------------------------------------------------------------------
Finished Constraint Validation : Time (s): cpu = 00:00:11 ; elapsed = 00:00:16 . Memory (MB): peak = 1156.305 ; gain = 0.000
---------------------------------------------------------------------------------
---------------------------------------------------------------------------------
Start Loading Part and Timing Information
---------------------------------------------------------------------------------
Loading part: xc7k325tffg900-1
---------------------------------------------------------------------------------
Finished Loading Part and Timing Information : Time (s): cpu = 00:00:11 ; elapsed = 00:00:16 . Memory (MB): peak = 1156.305 ; gain = 0.000
---------------------------------------------------------------------------------
INFO: [Device 21-403] Loading part xc7k325tffg900-1
INFO: [Synth 8-802] inferred FSM for state register 'current_state_reg' in module 'MM2S_CTRL'
INFO: [Synth 8-802] inferred FSM for state register 'current_state_reg' in module 'LITE_CTRL'
---------------------------------------------------------------------------------------------------
                   State |                     New Encoding |                Previous Encoding 
---------------------------------------------------------------------------------------------------
*
                    IDLE |                           000001 |                           000001
             WRITE_DMACR |                           000010 |                           000010
                WRITE_SA |                           000100 |                           000100
               WRITE_MSB |                           001000 |                           001000
            WRITE_LENGTH |                           010000 |                           010000
             WRITE_DMASR |                           100000 |                           100000
---------------------------------------------------------------------------------------------------
INFO: [Synth 8-3898] No Re-encoding of one hot register 'current_state_reg' in module 'MM2S_CTRL'
---------------------------------------------------------------------------------------------------
                   State |                     New Encoding |                Previous Encoding 
---------------------------------------------------------------------------------------------------
*
                    IDLE |                          0000001 |                          0000001
              WRITE_ADDR |                          0000010 |                          0000010
              CLEAR_ADDR |                          0000100 |                          0000100
              WRITE_DATA |                          0001000 |                          0001000
              CLEAR_DATA |                          0010000 |                          0010000
               WAIT_RESP |                          0100000 |                          0100000
              CLEAR_RESP |                          1000000 |                          1000000
---------------------------------------------------------------------------------------------------
INFO: [Synth 8-3898] No Re-encoding of one hot register 'current_state_reg' in module 'LITE_CTRL'
---------------------------------------------------------------------------------
Finished RTL Optimization Phase 2 : Time (s): cpu = 00:00:11 ; elapsed = 00:00:16 . Memory (MB): peak = 1156.305 ; gain = 0.000
---------------------------------------------------------------------------------
No constraint files found.
---------------------------------------------------------------------------------
Start RTL Component Statistics 
---------------------------------------------------------------------------------
Detailed RTL Component Info : 
+---Registers : 
	               32 Bit    Registers := 4     
	               10 Bit    Registers := 1     
	                1 Bit    Registers := 5     
+---Muxes : 
	   7 Input   32 Bit        Muxes := 1     
	   2 Input    7 Bit        Muxes := 2     
	   8 Input    7 Bit        Muxes := 2     
	   2 Input    6 Bit        Muxes := 6     
	   7 Input    6 Bit        Muxes := 4     
	   2 Input    5 Bit        Muxes := 5     
	   2 Input    4 Bit        Muxes := 3     
	   2 Input    3 Bit        Muxes := 5     
	   2 Input    2 Bit        Muxes := 5     
	   2 Input    1 Bit        Muxes := 4     
---------------------------------------------------------------------------------
Finished RTL Component Statistics 
---------------------------------------------------------------------------------
---------------------------------------------------------------------------------
Start Part Resource Summary
---------------------------------------------------------------------------------
Part Resources:
DSPs: 840 (col length:140)
BRAMs: 890 (col length: RAMB18 140 RAMB36 70)
---------------------------------------------------------------------------------
Finished Part Resource Summary
---------------------------------------------------------------------------------
No constraint files found.
---------------------------------------------------------------------------------
Start Cross Boundary and Area Optimization
---------------------------------------------------------------------------------
---------------------------------------------------------------------------------
Finished Cross Boundary and Area Optimization : Time (s): cpu = 00:00:21 ; elapsed = 00:00:29 . Memory (MB): peak = 1161.879 ; gain = 5.574
---------------------------------------------------------------------------------
No constraint files found.
---------------------------------------------------------------------------------
Start Timing Optimization
---------------------------------------------------------------------------------
---------------------------------------------------------------------------------
Finished Timing Optimization : Time (s): cpu = 00:00:21 ; elapsed = 00:00:29 . Memory (MB): peak = 1167.586 ; gain = 11.281
---------------------------------------------------------------------------------
---------------------------------------------------------------------------------
Start Technology Mapping
---------------------------------------------------------------------------------
---------------------------------------------------------------------------------
Finished Technology Mapping : Time (s): cpu = 00:00:21 ; elapsed = 00:00:30 . Memory (MB): peak = 1167.785 ; gain = 11.480
---------------------------------------------------------------------------------
---------------------------------------------------------------------------------
Start IO Insertion
---------------------------------------------------------------------------------
---------------------------------------------------------------------------------
Start Flattening Before IO Insertion
---------------------------------------------------------------------------------
---------------------------------------------------------------------------------
Finished Flattening Before IO Insertion
---------------------------------------------------------------------------------
---------------------------------------------------------------------------------
Start Final Netlist Cleanup
---------------------------------------------------------------------------------
---------------------------------------------------------------------------------
Finished Final Netlist Cleanup
---------------------------------------------------------------------------------
---------------------------------------------------------------------------------
Finished IO Insertion : Time (s): cpu = 00:00:30 ; elapsed = 00:00:42 . Memory (MB): peak = 1167.785 ; gain = 11.480
---------------------------------------------------------------------------------
---------------------------------------------------------------------------------
Start Renaming Generated Instances
---------------------------------------------------------------------------------
---------------------------------------------------------------------------------
Finished Renaming Generated Instances : Time (s): cpu = 00:00:30 ; elapsed = 00:00:42 . Memory (MB): peak = 1167.785 ; gain = 11.480
---------------------------------------------------------------------------------
---------------------------------------------------------------------------------
Start Rebuilding User Hierarchy
---------------------------------------------------------------------------------
---------------------------------------------------------------------------------
Finished Rebuilding User Hierarchy : Time (s): cpu = 00:00:30 ; elapsed = 00:00:42 . Memory (MB): peak = 1167.785 ; gain = 11.480
---------------------------------------------------------------------------------
---------------------------------------------------------------------------------
Start Renaming Generated Ports
---------------------------------------------------------------------------------
---------------------------------------------------------------------------------
Finished Renaming Generated Ports : Time (s): cpu = 00:00:30 ; elapsed = 00:00:42 . Memory (MB): peak = 1167.785 ; gain = 11.480
---------------------------------------------------------------------------------
---------------------------------------------------------------------------------
Start Handling Custom Attributes
---------------------------------------------------------------------------------
---------------------------------------------------------------------------------
Finished Handling Custom Attributes : Time (s): cpu = 00:00:30 ; elapsed = 00:00:42 . Memory (MB): peak = 1167.785 ; gain = 11.480
---------------------------------------------------------------------------------
---------------------------------------------------------------------------------
Start Renaming Generated Nets
---------------------------------------------------------------------------------
---------------------------------------------------------------------------------
Finished Renaming Generated Nets : Time (s): cpu = 00:00:30 ; elapsed = 00:00:42 . Memory (MB): peak = 1167.785 ; gain = 11.480
---------------------------------------------------------------------------------
---------------------------------------------------------------------------------
Start Writing Synthesis Report
---------------------------------------------------------------------------------

Report BlackBoxes: 
+-+--------------+----------+
| |BlackBox name |Instances |
+-+--------------+----------+
+-+--------------+----------+

Report Cell Usage: 
+------+-----+------+
|      |Cell |Count |
+------+-----+------+
|1     |LUT2 |     4|
|2     |LUT3 |     3|
|3     |LUT4 |    10|
|4     |LUT5 |    15|
|5     |LUT6 |    44|
|6     |FDRE |   148|
|7     |FDSE |     2|
+------+-----+------+

Report Instance Areas: 
+------+----------------+--------------+------+
|      |Instance        |Module        |Cells |
+------+----------------+--------------+------+
|1     |top             |              |   226|
|2     |  inst          |DMA_READ_CTRL |   226|
|3     |    u_LITE_CTRL |LITE_CTRL     |    27|
|4     |    u_MM2S_CTRL |MM2S_CTRL     |   102|
+------+----------------+--------------+------+
---------------------------------------------------------------------------------
Finished Writing Synthesis Report : Time (s): cpu = 00:00:30 ; elapsed = 00:00:42 . Memory (MB): peak = 1167.785 ; gain = 11.480
---------------------------------------------------------------------------------
Synthesis finished with 0 errors, 0 critical warnings and 0 warnings.
Synthesis Optimization Runtime : Time (s): cpu = 00:00:30 ; elapsed = 00:00:42 . Memory (MB): peak = 1167.785 ; gain = 11.480
Synthesis Optimization Complete : Time (s): cpu = 00:00:30 ; elapsed = 00:00:42 . Memory (MB): peak = 1167.785 ; gain = 11.480
INFO: [Project 1-571] Translating synthesized netlist
Netlist sorting complete. Time (s): cpu = 00:00:00 ; elapsed = 00:00:00.017 . Memory (MB): peak = 1181.547 ; gain = 0.000
INFO: [Project 1-570] Preparing netlist for logic optimization
INFO: [Opt 31-138] Pushed 0 inverter(s) to 0 load pin(s).
Netlist sorting complete. Time (s): cpu = 00:00:00 ; elapsed = 00:00:00 . Memory (MB): peak = 1287.297 ; gain = 0.000
INFO: [Project 1-111] Unisim Transformation Summary:
No Unisim elements were transformed.

INFO: [Common 17-83] Releasing license: Synthesis
22 Infos, 1 Warnings, 0 Critical Warnings and 0 Errors encountered.
synth_design completed successfully
synth_design: Time (s): cpu = 00:00:40 ; elapsed = 00:00:57 . Memory (MB): peak = 1287.297 ; gain = 130.992
INFO: [Timing 38-35] Done setting XDC timing constraints.
INFO: [Common 17-1381] The checkpoint 'D:/FPGA_DMA_CONTROLLER/proj/DMA_CTRL.runs/design_1_DMA_READ_CTRL_0_0_synth_1/design_1_DMA_READ_CTRL_0_0.dcp' has been generated.
write_checkpoint: Time (s): cpu = 00:00:17 ; elapsed = 00:00:19 . Memory (MB): peak = 1740.199 ; gain = 452.902
WARNING: [Common 17-576] 'use_project_ipc' is deprecated. This option is deprecated and no longer used.
INFO: [Coretcl 2-1174] Renamed 3 cell refs.
INFO: [Common 17-1381] The checkpoint 'D:/FPGA_DMA_CONTROLLER/proj/DMA_CTRL.runs/design_1_DMA_READ_CTRL_0_0_synth_1/design_1_DMA_READ_CTRL_0_0.dcp' has been generated.
INFO: [runtcl-4] Executing : report_utilization -file design_1_DMA_READ_CTRL_0_0_utilization_synth.rpt -pb design_1_DMA_READ_CTRL_0_0_utilization_synth.pb
INFO: [Common 17-206] Exiting Vivado at Sat May 29 22:05:47 2021...
